# JRE version: Java(TM) SE Runtime Environment (23.0.1+11) (build 23.0.1+11-39)
# Java VM: Java HotSpot(TM) 64-Bit Server VM (23.0.1+11-39, mixed mode, sharing, tiered, compressed oops, compressed class ptrs, g1 gc, windows-amd64)
GC Precious Log:
 CardTable entry size: 512
 Card Set container configuration: InlinePtr #cards 5 size 8 Array Of Cards #cards 10 size 36 Howl #buckets 4 coarsen threshold 1843 Howl Bitmap #cards 512 size 80 coarsen threshold 460 Card regions per heap region 1 cards per card region 2048
 CPUs: 8 total, 8 available
 Memory: 7971M
 Large Page Support: Disabled
 NUMA Support: Disabled
 Compressed Oops: Enabled (32-bit)
 Heap Region Size: 1M
 Heap Min Capacity: 8M
 Heap Initial Capacity: 126M
 Heap Max Capacity: 1G
 Pre-touch: Disabled
 Parallel Workers: 8
 Concurrent Workers: 2
 Concurrent Refinement Workers: 8
 Periodic GC: Disabled
Heap:
 garbage-first heap   total reserved 1048576K, committed 270336K, used 170611K [0x00000000c0000000, 0x0000000100000000)
  region size 1024K, 91 young (93184K), 1 survivors (1024K)
 Metaspace       used 10675K, committed 10944K, reserved 1114112K
  class space    used 1599K, committed 1728K, reserved 1048576K
GC Heap History (20 events):
Event: 37.738 GC heap before
{Heap before GC invocations=39 (full 13):
 garbage-first heap   total reserved 1048576K, committed 276480K, used 111940K [0x00000000c0000000, 0x0000000100000000)
  region size 1024K, 33 young (33792K), 0 survivors (0K)
 Metaspace       used 9692K, committed 9984K, reserved 1114112K
  class space    used 1533K, committed 1664K, reserved 1048576K
}
Event: 37.817 GC heap after
{Heap after GC invocations=40 (full 14):
 garbage-first heap   total reserved 1048576K, committed 276480K, used 82396K [0x00000000c0000000, 0x0000000100000000)
  region size 1024K, 0 young (0K), 0 survivors (0K)
 Metaspace       used 9692K, committed 9984K, reserved 1114112K
  class space    used 1533K, committed 1664K, reserved 1048576K
}
Event: 39.375 GC heap before
{Heap before GC invocations=40 (full 14):
 garbage-first heap   total reserved 1048576K, committed 276480K, used 210396K [0x00000000c0000000, 0x0000000100000000)
  region size 1024K, 125 young (128000K), 0 survivors (0K)
 Metaspace       used 10629K, committed 10880K, reserved 1114112K
  class space    used 1599K, committed 1728K, reserved 1048576K
}
Event: 39.381 GC heap after
{Heap after GC invocations=41 (full 14):
 garbage-first heap   total reserved 1048576K, committed 276480K, used 86110K [0x00000000c0000000, 0x0000000100000000)
  region size 1024K, 4 young (4096K), 4 survivors (4096K)
 Metaspace       used 10629K, committed 10880K, reserved 1114112K
  class space    used 1599K, committed 1728K, reserved 1048576K
}
Event: 39.533 GC heap before
{Heap before GC invocations=41 (full 14):
 garbage-first heap   total reserved 1048576K, committed 276480K, used 86110K [0x00000000c0000000, 0x0000000100000000)
  region size 1024K, 5 young (5120K), 4 survivors (4096K)
 Metaspace       used 10630K, committed 10880K, reserved 1114112K
  class space    used 1599K, committed 1728K, reserved 1048576K
}
Event: 39.679 GC heap after
{Heap after GC invocations=42 (full 15):
 garbage-first heap   total reserved 1048576K, committed 270336K, used 79453K [0x00000000c0000000, 0x0000000100000000)
  region size 1024K, 0 young (0K), 0 survivors (0K)
 Metaspace       used 10630K, committed 10880K, reserved 1114112K
  class space    used 1599K, committed 1728K, reserved 1048576K
}
Event: 40.363 GC heap before
{Heap before GC invocations=42 (full 15):
 garbage-first heap   total reserved 1048576K, committed 270336K, used 191069K [0x00000000c0000000, 0x0000000100000000)
  region size 1024K, 109 young (111616K), 0 survivors (0K)
 Metaspace       used 10647K, committed 10944K, reserved 1114112K
  class space    used 1599K, committed 1728K, reserved 1048576K
}
Event: 40.364 GC heap after
{Heap after GC invocations=43 (full 15):
 garbage-first heap   total reserved 1048576K, committed 270336K, used 80217K [0x00000000c0000000, 0x0000000100000000)
  region size 1024K, 1 young (1024K), 1 survivors (1024K)
 Metaspace       used 10647K, committed 10944K, reserved 1114112K
  class space    used 1599K, committed 1728K, reserved 1048576K
}
Event: 40.821 GC heap before
{Heap before GC invocations=43 (full 15):
 garbage-first heap   total reserved 1048576K, committed 270336K, used 207193K [0x00000000c0000000, 0x0000000100000000)
  region size 1024K, 125 young (128000K), 1 survivors (1024K)
 Metaspace       used 10653K, committed 10944K, reserved 1114112K
  class space    used 1599K, committed 1728K, reserved 1048576K
}
Event: 40.822 GC heap after
{Heap after GC invocations=44 (full 15):
 garbage-first heap   total reserved 1048576K, committed 270336K, used 79645K [0x00000000c0000000, 0x0000000100000000)
  region size 1024K, 1 young (1024K), 1 survivors (1024K)
 Metaspace       used 10653K, committed 10944K, reserved 1114112K
  class space    used 1599K, committed 1728K, reserved 1048576K
}
Event: 41.396 GC heap before
{Heap before GC invocations=44 (full 15):
 garbage-first heap   total reserved 1048576K, committed 270336K, used 215837K [0x00000000c0000000, 0x0000000100000000)
  region size 1024K, 134 young (137216K), 1 survivors (1024K)
 Metaspace       used 10660K, committed 10944K, reserved 1114112K
  class space    used 1599K, committed 1728K, reserved 1048576K
}
Event: 41.397 GC heap after
{Heap after GC invocations=45 (full 15):
 garbage-first heap   total reserved 1048576K, committed 270336K, used 79503K [0x00000000c0000000, 0x0000000100000000)
  region size 1024K, 1 young (1024K), 1 survivors (1024K)
 Metaspace       used 10660K, committed 10944K, reserved 1114112K
  class space    used 1599K, committed 1728K, reserved 1048576K
}
Event: 75.453 GC heap before
{Heap before GC invocations=45 (full 15):
 garbage-first heap   total reserved 1048576K, committed 270336K, used 217743K [0x00000000c0000000, 0x0000000100000000)
  region size 1024K, 136 young (139264K), 1 survivors (1024K)
 Metaspace       used 10672K, committed 10944K, reserved 1114112K
  class space    used 1599K, committed 1728K, reserved 1048576K
}
Event: 75.454 GC heap after
{Heap after GC invocations=46 (full 15):
 garbage-first heap   total reserved 1048576K, committed 270336K, used 79480K [0x00000000c0000000, 0x0000000100000000)
  region size 1024K, 1 young (1024K), 1 survivors (1024K)
 Metaspace       used 10672K, committed 10944K, reserved 1114112K
  class space    used 1599K, committed 1728K, reserved 1048576K
}
Event: 75.854 GC heap before
{Heap before GC invocations=46 (full 15):
 garbage-first heap   total reserved 1048576K, committed 270336K, used 223864K [0x00000000c0000000, 0x0000000100000000)
  region size 1024K, 142 young (145408K), 1 survivors (1024K)
 Metaspace       used 10672K, committed 10944K, reserved 1114112K
  class space    used 1599K, committed 1728K, reserved 1048576K
}
Event: 75.855 GC heap after
{Heap after GC invocations=47 (full 15):
 garbage-first heap   total reserved 1048576K, committed 270336K, used 79479K [0x00000000c0000000, 0x0000000100000000)
  region size 1024K, 1 young (1024K), 1 survivors (1024K)
 Metaspace       used 10672K, committed 10944K, reserved 1114112K
  class space    used 1599K, committed 1728K, reserved 1048576K
}
Event: 76.074 GC heap before
{Heap before GC invocations=47 (full 15):
 garbage-first heap   total reserved 1048576K, committed 270336K, used 227959K [0x00000000c0000000, 0x0000000100000000)
  region size 1024K, 146 young (149504K), 1 survivors (1024K)
 Metaspace       used 10673K, committed 10944K, reserved 1114112K
  class space    used 1599K, committed 1728K, reserved 1048576K
}
Event: 76.076 GC heap after
{Heap after GC invocations=48 (full 15):
 garbage-first heap   total reserved 1048576K, committed 270336K, used 79481K [0x00000000c0000000, 0x0000000100000000)
  region size 1024K, 1 young (1024K), 1 survivors (1024K)
 Metaspace       used 10673K, committed 10944K, reserved 1114112K
  class space    used 1599K, committed 1728K, reserved 1048576K
}
Event: 76.377 GC heap before
{Heap before GC invocations=48 (full 15):
 garbage-first heap   total reserved 1048576K, committed 270336K, used 232057K [0x00000000c0000000, 0x0000000100000000)
  region size 1024K, 150 young (153600K), 1 survivors (1024K)
 Metaspace       used 10675K, committed 10944K, reserved 1114112K
  class space    used 1599K, committed 1728K, reserved 1048576K
}
Event: 76.378 GC heap after
{Heap after GC invocations=49 (full 15):
 garbage-first heap   total reserved 1048576K, committed 270336K, used 79475K [0x00000000c0000000, 0x0000000100000000)
  region size 1024K, 1 young (1024K), 1 survivors (1024K)
 Metaspace       used 10675K, committed 10944K, reserved 1114112K
  class space    used 1599K, committed 1728K, reserved 1048576K
}

